parent[] = - 0 0 0 0 0 0 0 0 
parent[] = - 4 0 0 0 0 0 0 0 
parent[] = - 4 3 0 0 0 0 0 0 
parent[] = - 4 3 4 0 0 0 0 0 
parent[] = - 4 3 4 0 7 0 0 0 
parent[] = - 4 3 4 0 7 0 0 7 
The two sets are the same. 
parent[] = - 4 3 4 0 7 0 0 7 
Root of 2 = 4
parent[] = - 4 3 4 0 7 0 0 7 
parent[] = - 0 0 0 0 0 0 0 0 0 0 0 0 0 0 0 0 0 0 0 0 0 0 0 0 0 0 0 0 0 0 0 0 
parent[] = - 9 0 0 0 0 0 0 0 0 0 0 0 0 0 0 0 0 0 0 0 0 0 0 0 0 0 0 0 0 0 0 0 
parent[] = - 9 0 8 0 0 0 0 0 0 0 0 0 0 0 0 0 0 0 0 0 0 0 0 0 0 0 0 0 0 0 0 0 
parent[] = - 9 0 8 0 0 0 0 0 0 0 0 31 0 0 0 0 0 0 0 0 0 0 0 0 0 0 0 0 0 0 0 0 
parent[] = - 9 0 8 0 0 0 0 0 0 0 0 31 0 0 0 0 0 0 0 22 0 0 0 0 0 0 0 0 0 0 0 0 
parent[] = - 9 0 8 0 0 0 0 0 0 0 0 31 28 0 0 0 0 0 0 22 0 0 0 0 0 0 0 0 0 0 0 0 
parent[] = - 9 0 8 0 0 0 0 0 0 0 0 31 28 0 0 0 0 0 32 22 0 0 0 0 0 0 0 0 0 0 0 0 
parent[] = - 9 0 8 0 0 0 0 0 0 0 0 31 28 0 0 0 0 0 32 22 0 0 9 0 0 0 0 0 0 0 0 0 
parent[] = - 9 0 8 0 0 0 0 31 0 0 0 31 28 0 0 0 0 0 32 22 0 0 9 0 0 0 0 0 0 0 0 0 
Root of 1 = 9
parent[] = - 9 0 8 0 0 0 0 31 0 0 0 31 28 0 0 0 0 0 32 22 0 0 9 0 0 0 0 0 0 0 0 0 
Root of 2 = 2
parent[] = - 9 0 8 0 0 0 0 31 0 0 0 31 28 0 0 0 0 0 32 22 0 0 9 0 0 0 0 0 0 0 0 0 
Root of 3 = 31
parent[] = - 9 0 8 0 0 0 0 31 0 0 0 31 28 0 0 0 0 0 32 22 0 0 9 0 0 0 0 0 0 0 0 0 
Root of 4 = 4
parent[] = - 9 0 8 0 0 0 0 31 0 0 0 31 28 0 0 0 0 0 32 22 0 0 9 0 0 0 0 0 0 0 0 0 
parent[] = - 9 0 8 0 0 0 10 31 0 0 0 31 28 0 0 0 0 0 32 22 0 0 9 0 0 0 0 0 0 0 0 0 
parent[] = - 9 0 8 0 0 0 10 31 0 0 0 31 28 0 0 9 0 0 32 22 0 0 9 0 0 0 0 0 0 0 0 0 
parent[] = - 9 0 8 31 0 0 10 31 0 0 0 31 28 0 0 9 0 0 32 22 0 0 9 0 0 0 0 0 0 0 0 0 
parent[] = - 9 0 8 31 32 0 10 31 0 0 0 31 28 0 0 9 0 0 32 22 0 0 9 0 0 0 0 0 0 0 0 0 
parent[] = - 9 0 8 31 32 0 10 31 0 0 27 31 28 0 0 9 0 0 32 22 0 0 9 0 0 0 0 0 0 0 0 0 
parent[] = - 9 0 8 31 32 0 10 31 0 0 27 31 28 0 0 9 0 9 32 22 0 0 9 0 0 0 0 0 0 0 0 0 
Root of 5 = 32
parent[] = - 9 0 8 31 32 0 10 31 0 0 27 31 28 0 0 9 0 9 32 22 0 0 9 0 0 0 0 0 0 0 0 0 
Root of 6 = 6
parent[] = - 9 0 8 31 32 0 10 31 0 0 27 31 28 0 0 9 0 9 32 22 0 0 9 0 0 0 0 0 0 0 0 0 
Root of 7 = 10
parent[] = - 9 0 8 31 32 0 10 31 0 0 27 31 28 0 0 9 0 9 32 22 0 0 9 0 0 0 0 0 0 0 0 0 
Root of 8 = 31
parent[] = - 9 0 8 31 32 0 10 31 0 0 27 31 28 0 0 9 0 9 32 22 0 0 9 0 0 0 0 0 0 0 0 0 
The two sets are the same. 
parent[] = - 9 0 8 31 32 0 10 31 0 0 27 31 28 0 0 9 0 9 32 22 0 0 9 0 0 0 0 0 0 0 0 0 
parent[] = - 9 0 8 31 32 0 10 31 0 0 27 31 28 0 0 9 0 9 32 22 0 0 9 0 0 0 0 0 0 0 0 31 
parent[] = - 9 0 8 31 32 0 10 31 0 0 27 31 28 0 0 9 24 9 32 22 0 0 9 0 0 0 0 0 0 0 0 31 
Root of 10 = 10
parent[] = - 9 0 8 31 32 0 10 31 0 0 27 31 28 0 0 9 24 9 32 22 0 0 9 0 0 0 0 0 0 0 0 31 
Root of 21 = 21
parent[] = - 9 0 8 31 32 0 10 31 0 0 27 31 28 0 0 9 24 9 32 22 0 0 9 0 0 0 0 0 0 0 0 31 
Root of 31 = 31
parent[] = - 9 0 8 31 32 0 10 31 0 0 27 31 28 0 0 9 24 9 32 22 0 0 9 0 0 0 0 0 0 0 0 31 
parent[] = - 9 0 8 31 32 0 10 31 0 0 27 31 28 0 0 9 24 9 32 22 0 27 9 0 0 0 0 0 0 0 0 31 
parent[] = - 9 0 8 31 32 0 10 31 31 0 27 31 28 0 0 9 24 9 32 22 0 27 9 0 0 0 0 0 0 0 0 31 
Root of 12 = 31
parent[] = - 9 0 8 31 32 0 10 31 31 0 27 31 28 0 0 9 24 9 32 22 0 27 9 0 0 0 0 0 0 0 0 31 
Root of 22 = 27
parent[] = - 9 0 8 31 32 0 10 31 31 0 27 31 28 0 0 9 24 9 32 22 0 27 9 0 0 0 0 0 0 0 0 31 
Root of 2 = 2
parent[] = - 9 0 8 31 32 0 10 31 31 0 27 31 28 0 0 9 24 9 32 22 0 27 9 0 0 0 0 0 0 0 0 31 
The two sets are the same. 
parent[] = - 9 0 8 31 32 0 10 31 31 0 27 31 28 0 0 9 24 9 32 22 0 27 9 0 0 0 0 0 0 0 0 31 
parent[] = - 9 0 8 31 32 0 10 31 31 24 27 31 28 0 0 9 24 9 32 22 0 27 9 0 0 0 0 0 0 0 0 31 
Root of 7 = 24
parent[] = - 9 0 8 31 32 0 10 31 31 24 27 31 28 0 0 9 24 9 32 22 0 27 9 0 0 0 0 0 0 0 0 31 
Root of 17 = 24
parent[] = - 9 0 8 31 32 0 10 31 31 24 27 31 28 0 0 9 24 9 32 22 0 27 9 0 0 0 0 0 0 0 0 31 
Root of 18 = 31
parent[] = - 9 0 8 31 32 0 10 31 31 24 27 31 28 0 0 9 24 9 32 22 0 27 9 0 0 0 0 0 0 0 0 31 
parent[] = - 9 0 8 31 32 31 10 31 31 24 27 31 28 0 0 9 24 9 32 22 0 27 9 0 0 0 0 0 0 0 0 31 
parent[] = - 9 0 8 31 32 31 10 31 31 24 27 31 28 0 31 9 24 9 32 22 0 27 9 0 0 0 0 0 0 0 0 31 
Root of 14 = 14
parent[] = - 9 0 8 31 32 31 10 31 31 24 27 31 28 0 31 9 24 9 32 22 0 27 9 0 0 0 0 0 0 0 0 31 
Root of 15 = 31
parent[] = - 9 0 8 31 32 31 10 31 31 24 27 31 28 0 31 9 24 9 32 22 0 27 9 0 0 0 0 0 0 0 0 31 
Root of 16 = 31
parent[] = - 9 0 8 31 32 31 10 31 31 24 27 31 28 0 31 9 24 9 32 22 0 27 9 0 0 0 0 0 0 0 0 31 
The two sets are the same. 
parent[] = - 9 0 8 31 32 31 10 31 31 24 27 31 28 0 31 9 24 9 32 22 0 27 9 0 0 0 0 0 0 0 0 31 
