Content of smArray :
[0] 1 1 7
[1] 1 3 3
[2] 2 1 2
[3] 2 2 6
[4] 3 3 5
[5] 4 1 1
[6] 4 4 4
=========

Content of smArray :
[0] 1 2 7
[1] 1 3 1
[2] 2 1 3
[3] 2 4 4
[4] 3 3 2
[5] 3 4 6
[6] 4 1 5
=========

c = a + b
Content of smArray :
[0] 1 1 7
[1] 1 2 7
[2] 1 3 4
[3] 2 1 5
[4] 2 2 6
[5] 2 4 4
[6] 3 3 7
[7] 3 4 6
[8] 4 1 6
[9] 4 4 4
=========

Content of smArray :
[0] 1 1 -1
[1] 2 2 3
[2] 3 3 2
[3] 4 4 -2
=========

Content of smArray :
[0] 1 1 1
[1] 1 2 2
[2] 2 2 3
[3] 2 4 4
[4] 3 3 5
[5] 4 4 2
=========

c = a + b
Content of smArray :
[0] 1 2 2
[1] 2 2 6
[2] 2 4 4
[3] 3 3 7
=========

Content of smArray :
[0] 1 1 -1
[1] 2 2 3
[2] 3 3 2
[3] 4 4 -2
=========

Content of smArray :
[0] 1 1 1
[1] 1 2 2
[2] 2 2 -3
[3] 2 4 4
[4] 3 3 5
[5] 4 4 2
=========

c = a + b
Content of smArray :
[0] 1 2 2
[1] 2 4 4
[2] 3 3 7
=========

